[28Jun2024 10:36:58.546] [main/INFO] [cpw.mods.modlauncher.Launcher/MODLAUNCHER]: ModLauncher running: args [--launchTarget, forgedatauserdev, --assetIndex, 5, --assetsDir, C:\Users\Ian C\.gradle\caches\forge_gradle\assets, --gameDir, ., --fml.forgeVersion, 47.3.0, --fml.mcVersion, 1.20.1, --fml.forgeGroup, net.minecraftforge, --fml.mcpVersion, 20230612.114412, --mod, vanilla_plus, --all, --output, D:\Modding Hub\Projects\Minecraft\(2024) MC Forge v1.20.1 Projects\Vanilla_PLUS-Mod-v1.20.1\src\generated\resources, --existing, D:\Modding Hub\Projects\Minecraft\(2024) MC Forge v1.20.1 Projects\Vanilla_PLUS-Mod-v1.20.1\src\main\resources]
[28Jun2024 10:36:58.550] [main/INFO] [cpw.mods.modlauncher.Launcher/MODLAUNCHER]: ModLauncher 10.0.9+10.0.9+main.dcd20f30 starting: java version 17.0.3.1 by Oracle Corporation; OS Windows 10 arch amd64 version 10.0
[28Jun2024 10:36:58.634] [main/WARN] [net.minecraftforge.fml.loading.FMLConfig/CORE]: Configuration file D:\Modding Hub\Projects\Minecraft\(2024) MC Forge v1.20.1 Projects\Vanilla_PLUS-Mod-v1.20.1\run-data\config\fml.toml is not correct. Correcting
[28Jun2024 10:36:58.634] [main/INFO] [net.minecraftforge.fml.loading.FMLConfig/CORE]: Incorrect key [earlyWindowSkipGLVersions] was corrected from null to []
[28Jun2024 10:36:58.635] [main/INFO] [net.minecraftforge.fml.loading.FMLConfig/CORE]: Incorrect key [earlyWindowSquir] was corrected from null to false
[28Jun2024 10:36:58.635] [main/INFO] [net.minecraftforge.fml.loading.FMLConfig/CORE]: Incorrect key [earlyWindowShowCPU] was corrected from null to false
[28Jun2024 10:36:58.649] [main/INFO] [net.minecraftforge.fml.loading.ImmediateWindowHandler/]: ImmediateWindowProvider not loading because launch target is forgedatauserdev
[28Jun2024 10:36:58.687] [main/INFO] [mixin/]: SpongePowered MIXIN Subsystem Version=0.8.5 Source=union:/C:/Users/Ian%20C/.gradle/caches/modules-2/files-2.1/org.spongepowered/mixin/0.8.5/9d1c0c3a304ae6697ecd477218fa61b850bf57fc/mixin-0.8.5.jar%23128!/ Service=ModLauncher Env=CLIENT
[28Jun2024 10:36:58.905] [main/WARN] [net.minecraftforge.fml.loading.moddiscovery.ModFileParser/LOADING]: Mod file C:\Users\Ian C\.gradle\caches\modules-2\files-2.1\net.minecraftforge\javafmllanguage\1.20.1-47.3.0\d7ebc62120f202109e300e084ca1a31a7b946a62\javafmllanguage-1.20.1-47.3.0.jar is missing mods.toml file
[28Jun2024 10:36:58.908] [main/WARN] [net.minecraftforge.fml.loading.moddiscovery.ModFileParser/LOADING]: Mod file C:\Users\Ian C\.gradle\caches\modules-2\files-2.1\net.minecraftforge\lowcodelanguage\1.20.1-47.3.0\1bf3e845ea0ce750096da8c71c8364b188ab74d4\lowcodelanguage-1.20.1-47.3.0.jar is missing mods.toml file
[28Jun2024 10:36:58.910] [main/WARN] [net.minecraftforge.fml.loading.moddiscovery.ModFileParser/LOADING]: Mod file C:\Users\Ian C\.gradle\caches\modules-2\files-2.1\net.minecraftforge\mclanguage\1.20.1-47.3.0\6093682e943ddccbabf70539319d7f2fe64db2e7\mclanguage-1.20.1-47.3.0.jar is missing mods.toml file
[28Jun2024 10:36:58.913] [main/WARN] [net.minecraftforge.fml.loading.moddiscovery.ModFileParser/LOADING]: Mod file C:\Users\Ian C\.gradle\caches\modules-2\files-2.1\net.minecraftforge\fmlcore\1.20.1-47.3.0\3b6be96aba3e323f3c918e8ef6a96312d82d76ad\fmlcore-1.20.1-47.3.0.jar is missing mods.toml file
[28Jun2024 10:36:58.919] [main/ERROR] [net.minecraftforge.fml.loading.moddiscovery.ModDiscoverer/SCAN]: Locator net.minecraftforge.fml.loading.moddiscovery.MinecraftLocator@4163f1cd found an invalid mod file net.minecraftforge.fml.loading.moddiscovery.ModFileInfo@5fa05212
net.minecraftforge.fml.loading.moddiscovery.InvalidModFileException: Illegal version number specified v0.1-1.20.1 (main)
	at net.minecraftforge.fml.loading.moddiscovery.ModInfo.<init>(ModInfo.java:77) ~[fmlloader-1.20.1-47.3.0.jar:?]
	at net.minecraftforge.fml.loading.moddiscovery.ModFileInfo.lambda$new$2(ModFileInfo.java:85) ~[fmlloader-1.20.1-47.3.0.jar:?]
	at java.util.stream.ReferencePipeline$3$1.accept(ReferencePipeline.java:197) ~[?:?]
	at java.util.ArrayList$ArrayListSpliterator.forEachRemaining(ArrayList.java:1625) ~[?:?]
	at java.util.stream.AbstractPipeline.copyInto(AbstractPipeline.java:509) ~[?:?]
	at java.util.stream.AbstractPipeline.wrapAndCopyInto(AbstractPipeline.java:499) ~[?:?]
	at java.util.stream.AbstractPipeline.evaluate(AbstractPipeline.java:575) ~[?:?]
	at java.util.stream.AbstractPipeline.evaluateToArrayNode(AbstractPipeline.java:260) ~[?:?]
	at java.util.stream.ReferencePipeline.toArray(ReferencePipeline.java:616) ~[?:?]
	at java.util.stream.ReferencePipeline.toArray(ReferencePipeline.java:622) ~[?:?]
	at java.util.stream.ReferencePipeline.toList(ReferencePipeline.java:627) ~[?:?]
	at net.minecraftforge.fml.loading.moddiscovery.ModFileInfo.<init>(ModFileInfo.java:86) ~[fmlloader-1.20.1-47.3.0.jar:?]
	at net.minecraftforge.fml.loading.moddiscovery.ModFileParser.modsTomlParser(ModFileParser.java:47) ~[fmlloader-1.20.1-47.3.0.jar:?]
	at net.minecraftforge.fml.loading.moddiscovery.ModFileParser.readModList(ModFileParser.java:31) ~[fmlloader-1.20.1-47.3.0.jar:?]
	at net.minecraftforge.fml.loading.moddiscovery.ModFile.<init>(ModFile.java:79) ~[fmlloader-1.20.1-47.3.0.jar:?]
	at net.minecraftforge.fml.loading.moddiscovery.ModFile.<init>(ModFile.java:68) ~[fmlloader-1.20.1-47.3.0.jar:?]
	at net.minecraftforge.fml.loading.moddiscovery.AbstractModProvider.createMod(AbstractModProvider.java:52) ~[fmlloader-1.20.1-47.3.0.jar:?]
	at net.minecraftforge.fml.loading.moddiscovery.MinecraftLocator.lambda$scanMods$6(MinecraftLocator.java:43) ~[fmlloader-1.20.1-47.3.0.jar:?]
	at java.util.stream.ReferencePipeline$3$1.accept(ReferencePipeline.java:197) ~[?:?]
	at java.util.AbstractList$RandomAccessSpliterator.forEachRemaining(AbstractList.java:720) ~[?:?]
	at java.util.stream.AbstractPipeline.copyInto(AbstractPipeline.java:509) ~[?:?]
	at java.util.stream.AbstractPipeline.wrapAndCopyInto(AbstractPipeline.java:499) ~[?:?]
	at java.util.stream.StreamSpliterators$WrappingSpliterator.forEachRemaining(StreamSpliterators.java:310) ~[?:?]
	at java.util.stream.Streams$ConcatSpliterator.forEachRemaining(Streams.java:735) ~[?:?]
	at java.util.stream.AbstractPipeline.copyInto(AbstractPipeline.java:509) ~[?:?]
	at java.util.stream.AbstractPipeline.wrapAndCopyInto(AbstractPipeline.java:499) ~[?:?]
	at java.util.stream.AbstractPipeline.evaluate(AbstractPipeline.java:575) ~[?:?]
	at java.util.stream.AbstractPipeline.evaluateToArrayNode(AbstractPipeline.java:260) ~[?:?]
	at java.util.stream.ReferencePipeline.toArray(ReferencePipeline.java:616) ~[?:?]
	at java.util.stream.ReferencePipeline.toArray(ReferencePipeline.java:622) ~[?:?]
	at java.util.stream.ReferencePipeline.toList(ReferencePipeline.java:627) ~[?:?]
	at net.minecraftforge.fml.loading.moddiscovery.MinecraftLocator.scanMods(MinecraftLocator.java:47) ~[fmlloader-1.20.1-47.3.0.jar:?]
	at net.minecraftforge.fml.loading.moddiscovery.ModDiscoverer.discoverMods(ModDiscoverer.java:75) ~[fmlloader-1.20.1-47.3.0.jar:?]
	at net.minecraftforge.fml.loading.FMLLoader.beginModScan(FMLLoader.java:164) ~[fmlloader-1.20.1-47.3.0.jar:1.0]
	at net.minecraftforge.fml.loading.FMLServiceProvider.beginScanning(FMLServiceProvider.java:86) ~[fmlloader-1.20.1-47.3.0.jar:1.0]
	at cpw.mods.modlauncher.TransformationServiceDecorator.runScan(TransformationServiceDecorator.java:112) ~[modlauncher-10.0.9.jar:?]
	at cpw.mods.modlauncher.TransformationServicesHandler.lambda$runScanningTransformationServices$8(TransformationServicesHandler.java:100) ~[modlauncher-10.0.9.jar:?]
	at java.util.stream.ReferencePipeline$3$1.accept(ReferencePipeline.java:197) ~[?:?]
	at java.util.HashMap$ValueSpliterator.forEachRemaining(HashMap.java:1779) ~[?:?]
	at java.util.stream.AbstractPipeline.copyInto(AbstractPipeline.java:509) ~[?:?]
	at java.util.stream.AbstractPipeline.wrapAndCopyInto(AbstractPipeline.java:499) ~[?:?]
	at java.util.stream.AbstractPipeline.evaluate(AbstractPipeline.java:575) ~[?:?]
	at java.util.stream.AbstractPipeline.evaluateToArrayNode(AbstractPipeline.java:260) ~[?:?]
	at java.util.stream.ReferencePipeline.toArray(ReferencePipeline.java:616) ~[?:?]
	at java.util.stream.ReferencePipeline.toArray(ReferencePipeline.java:622) ~[?:?]
	at java.util.stream.ReferencePipeline.toList(ReferencePipeline.java:627) ~[?:?]
	at cpw.mods.modlauncher.TransformationServicesHandler.runScanningTransformationServices(TransformationServicesHandler.java:102) ~[modlauncher-10.0.9.jar:?]
	at cpw.mods.modlauncher.TransformationServicesHandler.initializeTransformationServices(TransformationServicesHandler.java:55) ~[modlauncher-10.0.9.jar:?]
	at cpw.mods.modlauncher.Launcher.run(Launcher.java:88) ~[modlauncher-10.0.9.jar:?]
	at cpw.mods.modlauncher.Launcher.main(Launcher.java:78) ~[modlauncher-10.0.9.jar:?]
	at cpw.mods.modlauncher.BootstrapLaunchConsumer.accept(BootstrapLaunchConsumer.java:26) ~[modlauncher-10.0.9.jar:?]
	at cpw.mods.modlauncher.BootstrapLaunchConsumer.accept(BootstrapLaunchConsumer.java:23) ~[modlauncher-10.0.9.jar:?]
	at cpw.mods.bootstraplauncher.BootstrapLauncher.main(BootstrapLauncher.java:141) ~[bootstraplauncher-1.1.2.jar:?]
[28Jun2024 10:36:58.963] [main/INFO] [net.minecraftforge.fml.loading.moddiscovery.JarInJarDependencyLocator/]: No dependencies to load found. Skipping!
